<?xml version="1.0" encoding="UTF-8"?>
<!-- Generated by org.testng.reporters.JUnitReportReporter -->
<testsuite hostname="DESKTOP-AR0DV53" failures="0" tests="1" name="test.ZerodhaSignUpPageTest" time="111.216" errors="0" timestamp="2022-06-24T15:25:43 IST" skipped="0">
  <testcase classname="test.ZerodhaSignUpPageTest" name="signUpTest" time="111.216"/>
  <system-out/>
</testsuite> <!-- test.ZerodhaSignUpPageTest -->
