<?xml version="1.0" encoding="UTF-8"?>
<!-- Generated by org.testng.reporters.JUnitReportReporter -->
<testsuite hostname="DESKTOP-AR0DV53" failures="0" tests="1" name="test.ZerodhaLoginPageTest" time="15.963" errors="0" timestamp="2022-06-29T11:10:01 IST" skipped="0">
  <testcase classname="test.ZerodhaLoginPageTest" name="loginTest" time="15.963"/>
  <system-out/>
</testsuite> <!-- test.ZerodhaLoginPageTest -->
